[debug] [2024-11-21T02:37:15.705Z] ----------------------------------------------------------------------
[debug] [2024-11-21T02:37:15.707Z] Command:       C:\Program Files\nodejs\node.exe C:\Users\Vaibhav Kumar\AppData\Roaming\npm\node_modules\firebase-tools\lib\bin\firebase.js init
[debug] [2024-11-21T02:37:15.708Z] CLI Version:   13.26.0
[debug] [2024-11-21T02:37:15.708Z] Platform:      win32
[debug] [2024-11-21T02:37:15.708Z] Node Version:  v20.16.0
[debug] [2024-11-21T02:37:15.708Z] Time:          Thu Nov 21 2024 08:07:15 GMT+0530 (India Standard Time)
[debug] [2024-11-21T02:37:15.708Z] ----------------------------------------------------------------------
[debug] 
[debug] [2024-11-21T02:37:15.711Z] >>> [apiv2][query] GET https://firebase-public.firebaseio.com/cli.json [none]
[debug] [2024-11-21T02:37:15.745Z] > command requires scopes: ["email","openid","https://www.googleapis.com/auth/cloudplatformprojects.readonly","https://www.googleapis.com/auth/firebase","https://www.googleapis.com/auth/cloud-platform"]
[debug] [2024-11-21T02:37:15.745Z] > authorizing via signed-in user (vaibhavsclass34@gmail.com)
[info] 
     ######## #### ########  ######## ########     ###     ######  ########
     ##        ##  ##     ## ##       ##     ##  ##   ##  ##       ##
     ######    ##  ########  ######   ########  #########  ######  ######
     ##        ##  ##    ##  ##       ##     ## ##     ##       ## ##
     ##       #### ##     ## ######## ########  ##     ##  ######  ########

You're about to initialize a Firebase project in this directory:

  E:\Backend for Minip

[debug] [2024-11-21T02:37:16.501Z] <<< [apiv2][status] GET https://firebase-public.firebaseio.com/cli.json 200
[debug] [2024-11-21T02:37:16.501Z] <<< [apiv2][body] GET https://firebase-public.firebaseio.com/cli.json {"cloudBuildErrorAfter":1594252800000,"cloudBuildWarnAfter":1590019200000,"defaultNode10After":1594252800000,"minVersion":"3.0.5","node8DeploysDisabledAfter":1613390400000,"node8RuntimeDisabledAfter":1615809600000,"node8WarnAfter":1600128000000}
[info] 
=== Project Setup
[info] 
[info] First, let's associate this project directory with a Firebase project.
[info] You can create multiple project aliases by running firebase use --add, 
[info] but for now we'll just set up a default project.
[info] 
[debug] [2024-11-21T02:38:24.103Z] Checked if tokens are valid: false, expires at: 1724862410493
[debug] [2024-11-21T02:38:24.103Z] Checked if tokens are valid: false, expires at: 1724862410493
[debug] [2024-11-21T02:38:24.103Z] > refreshing access token with scopes: []
[debug] [2024-11-21T02:38:24.104Z] >>> [apiv2][query] POST https://www.googleapis.com/oauth2/v3/token [none]
[debug] [2024-11-21T02:38:24.104Z] >>> [apiv2][body] POST https://www.googleapis.com/oauth2/v3/token [omitted]
[debug] [2024-11-21T02:38:24.360Z] <<< [apiv2][status] POST https://www.googleapis.com/oauth2/v3/token 200
[debug] [2024-11-21T02:38:24.360Z] <<< [apiv2][body] POST https://www.googleapis.com/oauth2/v3/token [omitted]
[debug] [2024-11-21T02:38:24.369Z] >>> [apiv2][query] GET https://firebase.googleapis.com/v1beta1/projects pageSize=100
[debug] [2024-11-21T02:38:25.458Z] <<< [apiv2][status] GET https://firebase.googleapis.com/v1beta1/projects 200
[debug] [2024-11-21T02:38:25.458Z] <<< [apiv2][body] GET https://firebase.googleapis.com/v1beta1/projects [omitted]
